<?xml version="1.0" encoding="UTF-8"?>
<!-- Generated by org.testng.reporters.JUnitReportReporter -->
<testsuite hostname="SWETHAJOHNSON" failures="0" tests="1" name="Test.Testpet" time="7.984" errors="0" timestamp="2024-02-20T12:38:08 IST" skipped="0">
  <testcase classname="Test.Testpet" name="testt" time="7.984"/>
  <system-out/>
</testsuite> <!-- Test.Testpet -->
